{"/Users/armanddefarialeite/ESGI/5eme-annee/clean-code/projet-final/backend/controllers/Card/category.js": {"path":"/Users/armanddefarialeite/ESGI/5eme-annee/clean-code/projet-final/backend/controllers/Card/category.js","statementMap":{"0":{"start":{"line":1,"column":41},"end":{"line":9,"column":1}},"1":{"start":{"line":11,"column":27},"end":{"line":11,"column":33}},"2":{"start":{"line":14,"column":2},"end":{"line":16,"column":3}},"3":{"start":{"line":15,"column":4},"end":{"line":15,"column":63}},"4":{"start":{"line":20,"column":19},"end":{"line":20,"column":108}},"5":{"start":{"line":20,"column":69},"end":{"line":20,"column":107}},"6":{"start":{"line":22,"column":2},"end":{"line":24,"column":3}},"7":{"start":{"line":23,"column":4},"end":{"line":23,"column":28}},"8":{"start":{"line":28,"column":24},"end":{"line":28,"column":122}},"9":{"start":{"line":28,"column":81},"end":{"line":28,"column":121}},"10":{"start":{"line":30,"column":2},"end":{"line":32,"column":3}},"11":{"start":{"line":31,"column":4},"end":{"line":31,"column":75}},"12":{"start":{"line":35,"column":0},"end":{"line":40,"column":1}}},"fnMap":{"0":{"name":"getCategoryNameByIndex","decl":{"start":{"line":13,"column":9},"end":{"line":13,"column":31}},"loc":{"start":{"line":13,"column":40},"end":{"line":17,"column":1}},"line":13},"1":{"name":"getDayDelayByCategoryName","decl":{"start":{"line":19,"column":9},"end":{"line":19,"column":34}},"loc":{"start":{"line":19,"column":50},"end":{"line":25,"column":1}},"line":19},"2":{"name":"(anonymous_2)","decl":{"start":{"line":20,"column":57},"end":{"line":20,"column":58}},"loc":{"start":{"line":20,"column":69},"end":{"line":20,"column":107}},"line":20},"3":{"name":"retrieveUpperCategoryName","decl":{"start":{"line":27,"column":9},"end":{"line":27,"column":34}},"loc":{"start":{"line":27,"column":50},"end":{"line":33,"column":1}},"line":27},"4":{"name":"(anonymous_4)","decl":{"start":{"line":28,"column":67},"end":{"line":28,"column":68}},"loc":{"start":{"line":28,"column":81},"end":{"line":28,"column":121}},"line":28}},"branchMap":{"0":{"loc":{"start":{"line":14,"column":2},"end":{"line":16,"column":3}},"type":"if","locations":[{"start":{"line":14,"column":2},"end":{"line":16,"column":3}},{"start":{},"end":{}}],"line":14},"1":{"loc":{"start":{"line":22,"column":2},"end":{"line":24,"column":3}},"type":"if","locations":[{"start":{"line":22,"column":2},"end":{"line":24,"column":3}},{"start":{},"end":{}}],"line":22},"2":{"loc":{"start":{"line":30,"column":2},"end":{"line":32,"column":3}},"type":"if","locations":[{"start":{"line":30,"column":2},"end":{"line":32,"column":3}},{"start":{},"end":{}}],"line":30},"3":{"loc":{"start":{"line":30,"column":6},"end":{"line":30,"column":91}},"type":"binary-expr","locations":[{"start":{"line":30,"column":6},"end":{"line":30,"column":26}},{"start":{"line":30,"column":30},"end":{"line":30,"column":91}}],"line":30}},"s":{"0":3,"1":3,"2":4,"3":3,"4":17,"5":41,"6":17,"7":16,"8":6,"9":30,"10":6,"11":3,"12":3},"f":{"0":4,"1":17,"2":41,"3":6,"4":30},"b":{"0":[3,1],"1":[16,1],"2":[3,3],"3":[6,3]},"_coverageSchema":"1a1c01bbd47fc00a2c39e90264f33305004495a9","hash":"996f46474dfdf80bb255e3de5c145cc748c46fac"}
,"/Users/armanddefarialeite/ESGI/5eme-annee/clean-code/projet-final/backend/controllers/Card/index.js": {"path":"/Users/armanddefarialeite/ESGI/5eme-annee/clean-code/projet-final/backend/controllers/Card/index.js","statementMap":{"0":{"start":{"line":1,"column":23},"end":{"line":1,"column":64}},"1":{"start":{"line":3,"column":60},"end":{"line":3,"column":79}},"2":{"start":{"line":4,"column":30},"end":{"line":4,"column":46}},"3":{"start":{"line":5,"column":35},"end":{"line":5,"column":56}},"4":{"start":{"line":6,"column":21},"end":{"line":6,"column":37}},"5":{"start":{"line":8,"column":23},"end":{"line":35,"column":1}},"6":{"start":{"line":10,"column":51},"end":{"line":10,"column":100}},"7":{"start":{"line":12,"column":4},"end":{"line":14,"column":5}},"8":{"start":{"line":13,"column":6},"end":{"line":13,"column":53}},"9":{"start":{"line":16,"column":17},"end":{"line":16,"column":61}},"10":{"start":{"line":18,"column":4},"end":{"line":18,"column":76}},"11":{"start":{"line":21,"column":44},"end":{"line":21,"column":87}},"12":{"start":{"line":23,"column":4},"end":{"line":25,"column":5}},"13":{"start":{"line":24,"column":6},"end":{"line":24,"column":53}},"14":{"start":{"line":27,"column":17},"end":{"line":31,"column":6}},"15":{"start":{"line":33,"column":4},"end":{"line":33,"column":42}},"16":{"start":{"line":37,"column":0},"end":{"line":39,"column":1}}},"fnMap":{"0":{"name":"(anonymous_0)","decl":{"start":{"line":9,"column":12},"end":{"line":9,"column":13}},"loc":{"start":{"line":9,"column":35},"end":{"line":19,"column":3}},"line":9},"1":{"name":"(anonymous_1)","decl":{"start":{"line":20,"column":14},"end":{"line":20,"column":15}},"loc":{"start":{"line":20,"column":37},"end":{"line":34,"column":3}},"line":20}},"branchMap":{"0":{"loc":{"start":{"line":12,"column":4},"end":{"line":14,"column":5}},"type":"if","locations":[{"start":{"line":12,"column":4},"end":{"line":14,"column":5}},{"start":{},"end":{}}],"line":12},"1":{"loc":{"start":{"line":23,"column":4},"end":{"line":25,"column":5}},"type":"if","locations":[{"start":{"line":23,"column":4},"end":{"line":25,"column":5}},{"start":{},"end":{}}],"line":23}},"s":{"0":1,"1":1,"2":1,"3":1,"4":1,"5":1,"6":4,"7":4,"8":1,"9":3,"10":3,"11":3,"12":3,"13":2,"14":1,"15":1,"16":1},"f":{"0":4,"1":3},"b":{"0":[1,3],"1":[2,1]},"_coverageSchema":"1a1c01bbd47fc00a2c39e90264f33305004495a9","hash":"c87b4d0510b1494cced16b643b3a3acff76d882f"}
,"/Users/armanddefarialeite/ESGI/5eme-annee/clean-code/projet-final/backend/controllers/Card/schema.js": {"path":"/Users/armanddefarialeite/ESGI/5eme-annee/clean-code/projet-final/backend/controllers/Card/schema.js","statementMap":{"0":{"start":{"line":1,"column":12},"end":{"line":1,"column":26}},"1":{"start":{"line":3,"column":34},"end":{"line":5,"column":2}},"2":{"start":{"line":7,"column":29},"end":{"line":11,"column":2}},"3":{"start":{"line":13,"column":0},"end":{"line":16,"column":1}}},"fnMap":{},"branchMap":{},"s":{"0":1,"1":1,"2":1,"3":1},"f":{},"b":{},"_coverageSchema":"1a1c01bbd47fc00a2c39e90264f33305004495a9","hash":"b13467202b90074b00080a5dcb68b920b71ccd9e"}
,"/Users/armanddefarialeite/ESGI/5eme-annee/clean-code/projet-final/backend/controllers/Card/tag.js": {"path":"/Users/armanddefarialeite/ESGI/5eme-annee/clean-code/projet-final/backend/controllers/Card/tag.js","statementMap":{"0":{"start":{"line":2,"column":2},"end":{"line":2,"column":51}},"1":{"start":{"line":5,"column":0},"end":{"line":5,"column":38}}},"fnMap":{"0":{"name":"formatTagsToArray","decl":{"start":{"line":1,"column":9},"end":{"line":1,"column":26}},"loc":{"start":{"line":1,"column":34},"end":{"line":3,"column":1}},"line":1}},"branchMap":{"0":{"loc":{"start":{"line":2,"column":9},"end":{"line":2,"column":51}},"type":"cond-expr","locations":[{"start":{"line":2,"column":36},"end":{"line":2,"column":44}},{"start":{"line":2,"column":47},"end":{"line":2,"column":51}}],"line":2}},"s":{"0":3,"1":1},"f":{"0":3},"b":{"0":[1,2]},"_coverageSchema":"1a1c01bbd47fc00a2c39e90264f33305004495a9","hash":"c4c61587baa5a20299cbd3941c899f592308a3db"}
,"/Users/armanddefarialeite/ESGI/5eme-annee/clean-code/projet-final/backend/controllers/Quizz/index.js": {"path":"/Users/armanddefarialeite/ESGI/5eme-annee/clean-code/projet-final/backend/controllers/Quizz/index.js","statementMap":{"0":{"start":{"line":1,"column":21},"end":{"line":1,"column":37}},"1":{"start":{"line":3,"column":23},"end":{"line":3,"column":64}},"2":{"start":{"line":5,"column":64},"end":{"line":5,"column":83}},"3":{"start":{"line":6,"column":109},"end":{"line":6,"column":136}},"4":{"start":{"line":10,"column":2},"end":{"line":10,"column":80}},"5":{"start":{"line":14,"column":29},"end":{"line":14,"column":49}},"6":{"start":{"line":15,"column":29},"end":{"line":15,"column":49}},"7":{"start":{"line":16,"column":2},"end":{"line":16,"column":65}},"8":{"start":{"line":20,"column":2},"end":{"line":34,"column":4}},"9":{"start":{"line":21,"column":4},"end":{"line":21,"column":58}},"10":{"start":{"line":21,"column":46},"end":{"line":21,"column":58}},"11":{"start":{"line":23,"column":21},"end":{"line":23,"column":61}},"12":{"start":{"line":25,"column":4},"end":{"line":27,"column":5}},"13":{"start":{"line":26,"column":6},"end":{"line":26,"column":18}},"14":{"start":{"line":29,"column":29},"end":{"line":29,"column":69}},"15":{"start":{"line":31,"column":26},"end":{"line":31,"column":89}},"16":{"start":{"line":33,"column":4},"end":{"line":33,"column":36}},"17":{"start":{"line":38,"column":23},"end":{"line":38,"column":101}},"18":{"start":{"line":40,"column":2},"end":{"line":42,"column":3}},"19":{"start":{"line":41,"column":4},"end":{"line":41,"column":74}},"20":{"start":{"line":44,"column":2},"end":{"line":48,"column":4}},"21":{"start":{"line":51,"column":24},"end":{"line":88,"column":1}},"22":{"start":{"line":53,"column":51},"end":{"line":53,"column":100}},"23":{"start":{"line":55,"column":4},"end":{"line":57,"column":5}},"24":{"start":{"line":56,"column":6},"end":{"line":56,"column":53}},"25":{"start":{"line":59,"column":22},"end":{"line":59,"column":78}},"26":{"start":{"line":61,"column":18},"end":{"line":61,"column":52}},"27":{"start":{"line":63,"column":34},"end":{"line":63,"column":71}},"28":{"start":{"line":65,"column":4},"end":{"line":65,"column":59}},"29":{"start":{"line":68,"column":44},"end":{"line":68,"column":91}},"30":{"start":{"line":70,"column":4},"end":{"line":72,"column":5}},"31":{"start":{"line":71,"column":6},"end":{"line":71,"column":53}},"32":{"start":{"line":74,"column":17},"end":{"line":74,"column":66}},"33":{"start":{"line":76,"column":4},"end":{"line":78,"column":5}},"34":{"start":{"line":77,"column":6},"end":{"line":77,"column":56}},"35":{"start":{"line":80,"column":4},"end":{"line":85,"column":5}},"36":{"start":{"line":81,"column":6},"end":{"line":81,"column":66}},"37":{"start":{"line":82,"column":6},"end":{"line":82,"column":37}},"38":{"start":{"line":84,"column":6},"end":{"line":84,"column":37}},"39":{"start":{"line":90,"column":27},"end":{"line":94,"column":1}},"40":{"start":{"line":96,"column":0},"end":{"line":99,"column":1}}},"fnMap":{"0":{"name":"formateDateStringToDateObject","decl":{"start":{"line":9,"column":9},"end":{"line":9,"column":38}},"loc":{"start":{"line":9,"column":52},"end":{"line":11,"column":1}},"line":9},"1":{"name":"computeDayDifferenceBetweenTwoDate","decl":{"start":{"line":13,"column":9},"end":{"line":13,"column":43}},"loc":{"start":{"line":13,"column":59},"end":{"line":17,"column":1}},"line":13},"2":{"name":"selectCardsForQuizz","decl":{"start":{"line":19,"column":9},"end":{"line":19,"column":28}},"loc":{"start":{"line":19,"column":48},"end":{"line":35,"column":1}},"line":19},"3":{"name":"(anonymous_3)","decl":{"start":{"line":20,"column":22},"end":{"line":20,"column":23}},"loc":{"start":{"line":20,"column":30},"end":{"line":34,"column":3}},"line":20},"4":{"name":"updateCardInFunctionOftheAnswer","decl":{"start":{"line":37,"column":9},"end":{"line":37,"column":40}},"loc":{"start":{"line":37,"column":57},"end":{"line":49,"column":1}},"line":37},"5":{"name":"(anonymous_5)","decl":{"start":{"line":52,"column":12},"end":{"line":52,"column":13}},"loc":{"start":{"line":52,"column":35},"end":{"line":66,"column":3}},"line":52},"6":{"name":"(anonymous_6)","decl":{"start":{"line":67,"column":18},"end":{"line":67,"column":19}},"loc":{"start":{"line":67,"column":41},"end":{"line":87,"column":3}},"line":67}},"branchMap":{"0":{"loc":{"start":{"line":10,"column":9},"end":{"line":10,"column":80}},"type":"cond-expr","locations":[{"start":{"line":10,"column":22},"end":{"line":10,"column":63}},{"start":{"line":10,"column":66},"end":{"line":10,"column":80}}],"line":10},"1":{"loc":{"start":{"line":21,"column":4},"end":{"line":21,"column":58}},"type":"if","locations":[{"start":{"line":21,"column":4},"end":{"line":21,"column":58}},{"start":{},"end":{}}],"line":21},"2":{"loc":{"start":{"line":25,"column":4},"end":{"line":27,"column":5}},"type":"if","locations":[{"start":{"line":25,"column":4},"end":{"line":27,"column":5}},{"start":{},"end":{}}],"line":25},"3":{"loc":{"start":{"line":38,"column":23},"end":{"line":38,"column":101}},"type":"cond-expr","locations":[{"start":{"line":38,"column":33},"end":{"line":38,"column":73}},{"start":{"line":38,"column":76},"end":{"line":38,"column":101}}],"line":38},"4":{"loc":{"start":{"line":40,"column":2},"end":{"line":42,"column":3}},"type":"if","locations":[{"start":{"line":40,"column":2},"end":{"line":42,"column":3}},{"start":{},"end":{}}],"line":40},"5":{"loc":{"start":{"line":55,"column":4},"end":{"line":57,"column":5}},"type":"if","locations":[{"start":{"line":55,"column":4},"end":{"line":57,"column":5}},{"start":{},"end":{}}],"line":55},"6":{"loc":{"start":{"line":70,"column":4},"end":{"line":72,"column":5}},"type":"if","locations":[{"start":{"line":70,"column":4},"end":{"line":72,"column":5}},{"start":{},"end":{}}],"line":70},"7":{"loc":{"start":{"line":76,"column":4},"end":{"line":78,"column":5}},"type":"if","locations":[{"start":{"line":76,"column":4},"end":{"line":78,"column":5}},{"start":{},"end":{}}],"line":76}},"s":{"0":1,"1":1,"2":1,"3":1,"4":17,"5":16,"6":16,"7":16,"8":5,"9":15,"10":0,"11":15,"12":15,"13":0,"14":15,"15":15,"16":15,"17":5,"18":5,"19":2,"20":3,"21":1,"22":3,"23":3,"24":1,"25":2,"26":2,"27":2,"28":2,"29":4,"30":4,"31":1,"32":3,"33":3,"34":1,"35":2,"36":2,"37":1,"38":1,"39":1,"40":1},"f":{"0":17,"1":16,"2":5,"3":15,"4":5,"5":3,"6":4},"b":{"0":[16,1],"1":[0,15],"2":[0,15],"3":[4,1],"4":[2,3],"5":[1,2],"6":[1,3],"7":[1,2]},"_coverageSchema":"1a1c01bbd47fc00a2c39e90264f33305004495a9","hash":"921f3db79d58099c71154419bbf67f2b92950a80"}
,"/Users/armanddefarialeite/ESGI/5eme-annee/clean-code/projet-final/backend/controllers/Quizz/schema.js": {"path":"/Users/armanddefarialeite/ESGI/5eme-annee/clean-code/projet-final/backend/controllers/Quizz/schema.js","statementMap":{"0":{"start":{"line":1,"column":12},"end":{"line":1,"column":26}},"1":{"start":{"line":3,"column":34},"end":{"line":5,"column":2}},"2":{"start":{"line":7,"column":33},"end":{"line":9,"column":2}},"3":{"start":{"line":11,"column":0},"end":{"line":14,"column":1}}},"fnMap":{},"branchMap":{},"s":{"0":1,"1":1,"2":1,"3":1},"f":{},"b":{},"_coverageSchema":"1a1c01bbd47fc00a2c39e90264f33305004495a9","hash":"fa175b7dfe98149cc6c85ee331e9bd62384ccdb0"}
,"/Users/armanddefarialeite/ESGI/5eme-annee/clean-code/projet-final/backend/database/card-repository.js": {"path":"/Users/armanddefarialeite/ESGI/5eme-annee/clean-code/projet-final/backend/database/card-repository.js","statementMap":{"0":{"start":{"line":1,"column":23},"end":{"line":1,"column":38}},"1":{"start":{"line":3,"column":19},"end":{"line":3,"column":21}},"2":{"start":{"line":6,"column":2},"end":{"line":6,"column":59}},"3":{"start":{"line":6,"column":35},"end":{"line":6,"column":58}},"4":{"start":{"line":9,"column":0},"end":{"line":38,"column":1}},"5":{"start":{"line":11,"column":4},"end":{"line":11,"column":36}},"6":{"start":{"line":11,"column":17},"end":{"line":11,"column":34}},"7":{"start":{"line":13,"column":4},"end":{"line":13,"column":34}},"8":{"start":{"line":16,"column":4},"end":{"line":16,"column":54}},"9":{"start":{"line":16,"column":35},"end":{"line":16,"column":53}},"10":{"start":{"line":19,"column":17},"end":{"line":22,"column":5}},"11":{"start":{"line":24,"column":4},"end":{"line":24,"column":25}},"12":{"start":{"line":26,"column":4},"end":{"line":26,"column":15}},"13":{"start":{"line":29,"column":22},"end":{"line":29,"column":70}},"14":{"start":{"line":29,"column":51},"end":{"line":29,"column":69}},"15":{"start":{"line":31,"column":4},"end":{"line":36,"column":5}},"16":{"start":{"line":32,"column":6},"end":{"line":35,"column":7}}},"fnMap":{"0":{"name":"filterCardsbyTags","decl":{"start":{"line":5,"column":9},"end":{"line":5,"column":26}},"loc":{"start":{"line":5,"column":34},"end":{"line":7,"column":1}},"line":5},"1":{"name":"(anonymous_1)","decl":{"start":{"line":6,"column":27},"end":{"line":6,"column":28}},"loc":{"start":{"line":6,"column":35},"end":{"line":6,"column":58}},"line":6},"2":{"name":"(anonymous_2)","decl":{"start":{"line":10,"column":21},"end":{"line":10,"column":22}},"loc":{"start":{"line":10,"column":31},"end":{"line":14,"column":3}},"line":10},"3":{"name":"(anonymous_3)","decl":{"start":{"line":15,"column":15},"end":{"line":15,"column":16}},"loc":{"start":{"line":15,"column":27},"end":{"line":17,"column":3}},"line":15},"4":{"name":"(anonymous_4)","decl":{"start":{"line":16,"column":27},"end":{"line":16,"column":28}},"loc":{"start":{"line":16,"column":35},"end":{"line":16,"column":53}},"line":16},"5":{"name":"(anonymous_5)","decl":{"start":{"line":18,"column":14},"end":{"line":18,"column":15}},"loc":{"start":{"line":18,"column":32},"end":{"line":27,"column":3}},"line":18},"6":{"name":"(anonymous_6)","decl":{"start":{"line":28,"column":18},"end":{"line":28,"column":19}},"loc":{"start":{"line":28,"column":43},"end":{"line":37,"column":3}},"line":28},"7":{"name":"(anonymous_7)","decl":{"start":{"line":29,"column":43},"end":{"line":29,"column":44}},"loc":{"start":{"line":29,"column":51},"end":{"line":29,"column":69}},"line":29}},"branchMap":{"0":{"loc":{"start":{"line":11,"column":4},"end":{"line":11,"column":36}},"type":"if","locations":[{"start":{"line":11,"column":4},"end":{"line":11,"column":36}},{"start":{},"end":{}}],"line":11},"1":{"loc":{"start":{"line":31,"column":4},"end":{"line":36,"column":5}},"type":"if","locations":[{"start":{"line":31,"column":4},"end":{"line":36,"column":5}},{"start":{},"end":{}}],"line":31}},"s":{"0":2,"1":2,"2":0,"3":0,"4":2,"5":0,"6":0,"7":0,"8":0,"9":0,"10":0,"11":0,"12":0,"13":0,"14":0,"15":0,"16":0},"f":{"0":0,"1":0,"2":0,"3":0,"4":0,"5":0,"6":0,"7":0},"b":{"0":[0,0],"1":[0,0]},"_coverageSchema":"1a1c01bbd47fc00a2c39e90264f33305004495a9","hash":"ee84bd3dd480bd550337309ee33ab76b43856879"}
}
