TN:
SF:controllers/Card/category.js
FN:13,getCategoryNameByIndex
FN:19,getDayDelayByCategoryName
FN:20,(anonymous_2)
FN:27,retrieveUpperCategoryName
FN:28,(anonymous_4)
FNF:5
FNH:5
FNDA:4,getCategoryNameByIndex
FNDA:17,getDayDelayByCategoryName
FNDA:41,(anonymous_2)
FNDA:6,retrieveUpperCategoryName
FNDA:30,(anonymous_4)
DA:1,3
DA:11,3
DA:14,4
DA:15,3
DA:20,41
DA:22,17
DA:23,16
DA:28,30
DA:30,6
DA:31,3
DA:35,3
LF:11
LH:11
BRDA:14,0,0,3
BRDA:14,0,1,1
BRDA:22,1,0,16
BRDA:22,1,1,1
BRDA:30,2,0,3
BRDA:30,2,1,3
BRDA:30,3,0,6
BRDA:30,3,1,3
BRF:8
BRH:8
end_of_record
TN:
SF:controllers/Card/index.js
FN:9,(anonymous_0)
FN:20,(anonymous_1)
FNF:2
FNH:2
FNDA:4,(anonymous_0)
FNDA:3,(anonymous_1)
DA:1,1
DA:3,1
DA:4,1
DA:5,1
DA:6,1
DA:8,1
DA:10,4
DA:12,4
DA:13,1
DA:16,3
DA:18,3
DA:21,3
DA:23,3
DA:24,2
DA:27,1
DA:33,1
DA:37,1
LF:17
LH:17
BRDA:12,0,0,1
BRDA:12,0,1,3
BRDA:23,1,0,2
BRDA:23,1,1,1
BRF:4
BRH:4
end_of_record
TN:
SF:controllers/Card/schema.js
FNF:0
FNH:0
DA:1,1
DA:3,1
DA:7,1
DA:13,1
LF:4
LH:4
BRF:0
BRH:0
end_of_record
TN:
SF:controllers/Card/tag.js
FN:1,formatTagsToArray
FNF:1
FNH:1
FNDA:3,formatTagsToArray
DA:2,3
DA:5,1
LF:2
LH:2
BRDA:2,0,0,1
BRDA:2,0,1,2
BRF:2
BRH:2
end_of_record
TN:
SF:controllers/Quizz/index.js
FN:9,formateDateStringToDateObject
FN:13,computeDayDifferenceBetweenTwoDate
FN:19,selectCardsForQuizz
FN:20,(anonymous_3)
FN:37,updateCardInFunctionOftheAnswer
FN:52,(anonymous_5)
FN:67,(anonymous_6)
FNF:7
FNH:7
FNDA:17,formateDateStringToDateObject
FNDA:16,computeDayDifferenceBetweenTwoDate
FNDA:5,selectCardsForQuizz
FNDA:15,(anonymous_3)
FNDA:5,updateCardInFunctionOftheAnswer
FNDA:3,(anonymous_5)
FNDA:4,(anonymous_6)
DA:1,1
DA:3,1
DA:5,1
DA:6,1
DA:10,17
DA:14,16
DA:15,16
DA:16,16
DA:20,5
DA:21,15
DA:23,15
DA:25,15
DA:26,0
DA:29,15
DA:31,15
DA:33,15
DA:38,5
DA:40,5
DA:41,2
DA:44,3
DA:51,1
DA:53,3
DA:55,3
DA:56,1
DA:59,2
DA:61,2
DA:63,2
DA:65,2
DA:68,4
DA:70,4
DA:71,1
DA:74,3
DA:76,3
DA:77,1
DA:80,2
DA:81,2
DA:82,1
DA:84,1
DA:90,1
DA:96,1
LF:40
LH:39
BRDA:10,0,0,16
BRDA:10,0,1,1
BRDA:21,1,0,0
BRDA:21,1,1,15
BRDA:25,2,0,0
BRDA:25,2,1,15
BRDA:38,3,0,4
BRDA:38,3,1,1
BRDA:40,4,0,2
BRDA:40,4,1,3
BRDA:55,5,0,1
BRDA:55,5,1,2
BRDA:70,6,0,1
BRDA:70,6,1,3
BRDA:76,7,0,1
BRDA:76,7,1,2
BRF:16
BRH:14
end_of_record
TN:
SF:controllers/Quizz/schema.js
FNF:0
FNH:0
DA:1,1
DA:3,1
DA:7,1
DA:11,1
LF:4
LH:4
BRF:0
BRH:0
end_of_record
TN:
SF:database/card-repository.js
FN:5,filterCardsbyTags
FN:6,(anonymous_1)
FN:10,(anonymous_2)
FN:15,(anonymous_3)
FN:16,(anonymous_4)
FN:18,(anonymous_5)
FN:28,(anonymous_6)
FN:29,(anonymous_7)
FNF:8
FNH:0
FNDA:0,filterCardsbyTags
FNDA:0,(anonymous_1)
FNDA:0,(anonymous_2)
FNDA:0,(anonymous_3)
FNDA:0,(anonymous_4)
FNDA:0,(anonymous_5)
FNDA:0,(anonymous_6)
FNDA:0,(anonymous_7)
DA:1,2
DA:3,2
DA:6,0
DA:9,2
DA:11,0
DA:13,0
DA:16,0
DA:19,0
DA:24,0
DA:26,0
DA:29,0
DA:31,0
DA:32,0
LF:13
LH:3
BRDA:11,0,0,0
BRDA:11,0,1,0
BRDA:31,1,0,0
BRDA:31,1,1,0
BRF:4
BRH:0
end_of_record
